
3월 16, 2017 09:49:44.70 NEW SESSION
3월 16, 2017 09:49:44.70 [8504:3656:0316/094944.701:ERROR:content_settings_pref.cc(469)] Invalid pattern strings: ,
3월 16, 2017 09:49:44.74 [8504:3656:0316/094944.705:ERROR:content_settings_pref.cc(469)] Invalid pattern strings: ,https://www.w3schools.com:443
3월 16, 2017 09:49:44.75 [8504:3656:0316/094944.705:ERROR:content_settings_pref.cc(295)] Invalid pattern strings: ,
3월 16, 2017 09:49:44.80 [8504:3656:0316/094944.705:ERROR:content_settings_pref.cc(295)] Invalid pattern strings: ,https://www.w3schools.com:443

3월 17, 2017 24:06:19.03 NEW SESSION
3월 17, 2017 24:06:19.03 [4760:8948:0317/000619.036:ERROR:content_settings_pref.cc(469)] Invalid pattern strings: ,
3월 17, 2017 24:06:19.04 [4760:8948:0317/000619.039:ERROR:content_settings_pref.cc(469)] Invalid pattern strings: ,https://www.w3schools.com:443
3월 17, 2017 24:06:19.05 [4760:8948:0317/000619.039:ERROR:content_settings_pref.cc(295)] Invalid pattern strings: ,
3월 17, 2017 24:06:19.06 [4760:8948:0317/000619.039:ERROR:content_settings_pref.cc(295)] Invalid pattern strings: ,https://www.w3schools.com:443

3월 17, 2017 19:25:49.86 NEW SESSION
3월 17, 2017 19:25:49.86 [3160:9904:0317/192549.859:ERROR:content_settings_pref.cc(469)] Invalid pattern strings: ,
3월 17, 2017 19:25:49.92 [3160:9904:0317/192549.867:ERROR:content_settings_pref.cc(469)] Invalid pattern strings: ,https://www.w3schools.com:443
3월 17, 2017 19:25:49.98 [3160:9904:0317/192549.867:ERROR:content_settings_pref.cc(295)] Invalid pattern strings: ,
3월 17, 2017 19:25:49.99 [3160:9904:0317/192549.867:ERROR:content_settings_pref.cc(295)] Invalid pattern strings: ,https://www.w3schools.com:443
3월 17, 2017 19:28:16.79 [3160:9904:0317/192816.794:ERROR:CONSOLE(35)] "Refused to execute inline script because it violates the following Content Security Policy directive: "script-src 'nonce-pAWs0xZrYcmiFl1j4qrjDDIkt6I' 'self' 'unsafe-eval' https://apis.google.com https://ssl.gstatic.com https://www.google.com https://www.gstatic.com". Either the 'unsafe-inline' keyword, a hash ('sha256-Ycmhe5wf6vPch7qiq8Wc68pG+MJ0EYt27cYnImsGVYw='), or a nonce ('nonce-...') is required to enable inline execution.
3월 17, 2017 19:28:16.81 ", source: chrome-extension://jllpkdkcdjndhggodimiphkghogcpida/lib/jquery-1.4.2.min.js (35)
3월 17, 2017 19:29:20.16 [WARNING:..\..\..\..\flash\platform\pepper\pep_module.cpp(63)] SANDBOXED
3월 17, 2017 20:01:12.04 [3160:9904:0317/200112.041:ERROR:CONSOLE(246)] "IndexedDBAgent error: Could not obtain database names.", source: chrome-devtools://devtools/bundled/resources/resources_module.js (246)
3월 17, 2017 20:01:12.17 [3160:9904:0317/200112.177:ERROR:CONSOLE(246)] "IndexedDBAgent error: Could not obtain database names.", source: chrome-devtools://devtools/bundled/resources/resources_module.js (246)
3월 17, 2017 20:06:09.88 [3160:9904:0317/200609.885:ERROR:CONSOLE(35)] "Refused to execute inline script because it violates the following Content Security Policy directive: "script-src 'nonce-pAWs0xZrYcmiFl1j4qrjDDIkt6I' 'self' 'unsafe-eval' https://apis.google.com https://ssl.gstatic.com https://www.google.com https://www.gstatic.com". Either the 'unsafe-inline' keyword, a hash ('sha256-bxfNEzuDB9vyLS1jqpYaQQCH6stTX1XI8Kq0LWNx/e0='), or a nonce ('nonce-...') is required to enable inline execution.
3월 17, 2017 20:06:09.89 ", source: chrome-extension://jllpkdkcdjndhggodimiphkghogcpida/lib/jquery-1.4.2.min.js (35)
3월 17, 2017 20:15:00.72 [3160:9904:0317/201500.721:ERROR:CONSOLE(35)] "Refused to execute inline script because it violates the following Content Security Policy directive: "script-src 'nonce-pAWs0xZrYcmiFl1j4qrjDDIkt6I' 'self' 'unsafe-eval' https://apis.google.com https://ssl.gstatic.com https://www.google.com https://www.gstatic.com". Either the 'unsafe-inline' keyword, a hash ('sha256-KQ9mKK5NLMFfW6XqyDGhWyqko3p1LQ30xsz0KV/vUQg='), or a nonce ('nonce-...') is required to enable inline execution.
3월 17, 2017 20:15:00.73 ", source: chrome-extension://jllpkdkcdjndhggodimiphkghogcpida/lib/jquery-1.4.2.min.js (35)
3월 17, 2017 20:16:29.05 [3160:9904:0317/201629.051:ERROR:CONSOLE(35)] "Refused to execute inline script because it violates the following Content Security Policy directive: "script-src 'nonce-pAWs0xZrYcmiFl1j4qrjDDIkt6I' 'self' 'unsafe-eval' https://apis.google.com https://ssl.gstatic.com https://www.google.com https://www.gstatic.com". Either the 'unsafe-inline' keyword, a hash ('sha256-AgkSLIQka5NTCZJ/LA6T7/mAnFEBzBzxat6FlAdLjVs='), or a nonce ('nonce-...') is required to enable inline execution.
3월 17, 2017 20:16:29.06 ", source: chrome-extension://jllpkdkcdjndhggodimiphkghogcpida/lib/jquery-1.4.2.min.js (35)
3월 17, 2017 20:50:37.62 [0317/205037.628:ERROR:process_info.cc(608)] range at 0xf59428ce00000000, size 0x1c5 fully unreadable
3월 17, 2017 20:50:37.63 [0317/205037.629:ERROR:process_info.cc(608)] range at 0xf59428ee00000000, size 0x1c5 fully unreadable
3월 17, 2017 20:50:37.64 [0317/205037.629:ERROR:process_info.cc(608)] range at 0x0, size 0x1c5 fully unreadable
3월 17, 2017 20:51:03.87 [4832:3336:0317/205103.879:ERROR:content_settings_pref.cc(469)] Invalid pattern strings: ,
3월 17, 2017 20:51:03.90 [4832:3336:0317/205103.879:ERROR:content_settings_pref.cc(469)] Invalid pattern strings: ,https://www.w3schools.com:443
3월 17, 2017 20:51:03.93 [4832:3336:0317/205103.879:ERROR:content_settings_pref.cc(295)] Invalid pattern strings: ,
3월 17, 2017 20:51:03.97 [4832:3336:0317/205103.879:ERROR:content_settings_pref.cc(295)] Invalid pattern strings: ,https://www.w3schools.com:443
3월 17, 2017 20:52:13.63 [6948:6284:0317/205213.638:ERROR:content_settings_pref.cc(469)] Invalid pattern strings: ,
3월 17, 2017 20:52:13.65 [6948:6284:0317/205213.638:ERROR:content_settings_pref.cc(469)] Invalid pattern strings: ,https://www.w3schools.com:443
3월 17, 2017 20:52:13.66 [6948:6284:0317/205213.638:ERROR:content_settings_pref.cc(295)] Invalid pattern strings: ,
3월 17, 2017 20:52:13.68 [6948:6284:0317/205213.638:ERROR:content_settings_pref.cc(295)] Invalid pattern strings: ,https://www.w3schools.com:443

3월 17, 2017 22:11:41.24 NEW SESSION
3월 17, 2017 22:11:41.24 [11144:1656:0317/221141.246:ERROR:content_settings_pref.cc(469)] Invalid pattern strings: ,
3월 17, 2017 22:11:41.26 [11144:1656:0317/221141.246:ERROR:content_settings_pref.cc(469)] Invalid pattern strings: ,https://www.w3schools.com:443
3월 17, 2017 22:11:41.27 [11144:1656:0317/221141.246:ERROR:content_settings_pref.cc(295)] Invalid pattern strings: ,
3월 17, 2017 22:11:41.29 [11144:1656:0317/221141.246:ERROR:content_settings_pref.cc(295)] Invalid pattern strings: ,https://www.w3schools.com:443
3월 17, 2017 22:26:31.06 [5684:11008:0317/222631.060:ERROR:content_settings_pref.cc(469)] Invalid pattern strings: ,
3월 17, 2017 22:26:31.07 [5684:11008:0317/222631.060:ERROR:content_settings_pref.cc(469)] Invalid pattern strings: ,https://www.w3schools.com:443
3월 17, 2017 22:26:31.08 [5684:11008:0317/222631.060:ERROR:content_settings_pref.cc(295)] Invalid pattern strings: ,
3월 17, 2017 22:26:31.10 [5684:11008:0317/222631.060:ERROR:content_settings_pref.cc(295)] Invalid pattern strings: ,https://www.w3schools.com:443

3월 18, 2017 14:49:01.65 NEW SESSION
3월 18, 2017 14:49:01.65 [7176:3900:0318/144901.651:ERROR:content_settings_pref.cc(469)] Invalid pattern strings: ,
3월 18, 2017 14:49:01.70 [7176:3900:0318/144901.651:ERROR:content_settings_pref.cc(469)] Invalid pattern strings: ,https://www.w3schools.com:443
3월 18, 2017 14:49:01.73 [7176:3900:0318/144901.651:ERROR:content_settings_pref.cc(295)] Invalid pattern strings: ,
3월 18, 2017 14:49:01.74 [7176:3900:0318/144901.652:ERROR:content_settings_pref.cc(295)] Invalid pattern strings: ,https://www.w3schools.com:443
3월 18, 2017 15:58:18.82 A Parser-blocking, cross-origin script, http://www.google-analytics.com/ga.js, is invoked via document.write. This may be blocked by the browser if the device has poor network connectivity. See https://www.chromestatus.com/feature/5718547946799104 for more details.
3월 18, 2017 15:58:18.83 A Parser-blocking, cross-origin script, http://www.google-analytics.com/ga.js, is invoked via document.write. This may be blocked by the browser if the device has poor network connectivity. See https://www.chromestatus.com/feature/5718547946799104 for more details.

3월 18, 2017 22:08:45.98 NEW SESSION
3월 18, 2017 22:08:45.98 [10096:1412:0318/220845.908:ERROR:content_settings_pref.cc(469)] Invalid pattern strings: ,
3월 18, 2017 22:08:46.03 [10096:1412:0318/220845.910:ERROR:content_settings_pref.cc(469)] Invalid pattern strings: ,https://www.w3schools.com:443
3월 18, 2017 22:08:46.04 [10096:1412:0318/220845.910:ERROR:content_settings_pref.cc(295)] Invalid pattern strings: ,
3월 18, 2017 22:08:46.07 [10096:1412:0318/220845.910:ERROR:content_settings_pref.cc(295)] Invalid pattern strings: ,https://www.w3schools.com:443
3월 18, 2017 22:10:13.19 [10096:1412:0318/221013.190:ERROR:CONSOLE(35)] "Refused to execute inline script because it violates the following Content Security Policy directive: "script-src 'nonce-CjbETZn/BlC5K2/CKtryhEUwQi0' 'self' 'unsafe-eval' https://apis.google.com https://ssl.gstatic.com https://www.google.com https://www.gstatic.com". Either the 'unsafe-inline' keyword, a hash ('sha256-BzqMxCFzM8FRhOQnvHKIJWrZG3d9knxUC/WHPySAUFE='), or a nonce ('nonce-...') is required to enable inline execution.
3월 18, 2017 22:10:13.20 ", source: chrome-extension://jllpkdkcdjndhggodimiphkghogcpida/lib/jquery-1.4.2.min.js (35)
3월 18, 2017 22:12:07.27 [10096:1412:0318/221207.278:ERROR:CONSOLE(35)] "Refused to execute inline script because it violates the following Content Security Policy directive: "script-src 'nonce-CjbETZn/BlC5K2/CKtryhEUwQi0' 'self' 'unsafe-eval' https://apis.google.com https://ssl.gstatic.com https://www.google.com https://www.gstatic.com". Either the 'unsafe-inline' keyword, a hash ('sha256-LjylqQsvu2Qnbozt4C65Lfk86yHvHClPXrHNjd5BtPg='), or a nonce ('nonce-...') is required to enable inline execution.
3월 18, 2017 22:12:07.29 ", source: chrome-extension://jllpkdkcdjndhggodimiphkghogcpida/lib/jquery-1.4.2.min.js (35)
3월 18, 2017 22:19:54.34 [10096:1412:0318/221954.348:ERROR:CONSOLE(35)] "Refused to execute inline script because it violates the following Content Security Policy directive: "script-src 'nonce-CjbETZn/BlC5K2/CKtryhEUwQi0' 'self' 'unsafe-eval' https://apis.google.com https://ssl.gstatic.com https://www.google.com https://www.gstatic.com". Either the 'unsafe-inline' keyword, a hash ('sha256-yIKCI2FjJsHTMJy4sXlLEjR2DuSQyvrzXCnS6OFU32A='), or a nonce ('nonce-...') is required to enable inline execution.
3월 18, 2017 22:19:54.36 ", source: chrome-extension://jllpkdkcdjndhggodimiphkghogcpida/lib/jquery-1.4.2.min.js (35)
3월 18, 2017 22:32:56.82 [5100:8028:0318/223256.822:ERROR:content_settings_pref.cc(469)] Invalid pattern strings: ,
3월 18, 2017 22:32:56.85 [5100:8028:0318/223256.822:ERROR:content_settings_pref.cc(469)] Invalid pattern strings: ,https://www.w3schools.com:443
3월 18, 2017 22:32:56.86 [5100:8028:0318/223256.822:ERROR:content_settings_pref.cc(295)] Invalid pattern strings: ,
3월 18, 2017 22:32:56.88 [5100:8028:0318/223256.822:ERROR:content_settings_pref.cc(295)] Invalid pattern strings: ,https://www.w3schools.com:443
3월 18, 2017 23:23:38.02 [10224:10896:0318/232338.028:ERROR:content_settings_pref.cc(469)] Invalid pattern strings: ,
3월 18, 2017 23:23:38.04 [10224:10896:0318/232338.044:ERROR:content_settings_pref.cc(469)] Invalid pattern strings: ,https://www.w3schools.com:443
3월 18, 2017 23:23:38.05 [10224:10896:0318/232338.044:ERROR:content_settings_pref.cc(295)] Invalid pattern strings: ,
3월 18, 2017 23:23:38.07 [10224:10896:0318/232338.044:ERROR:content_settings_pref.cc(295)] Invalid pattern strings: ,https://www.w3schools.com:443
3월 18, 2017 23:24:26.55 [10224:10896:0318/232426.549:ERROR:CONSOLE(35)] "Refused to execute inline script because it violates the following Content Security Policy directive: "script-src 'nonce-h2lA1dWXT/AUEnc5Rh/ojIpyFl4' 'self' 'unsafe-eval' https://apis.google.com https://ssl.gstatic.com https://www.google.com https://www.gstatic.com". Either the 'unsafe-inline' keyword, a hash ('sha256-027K4w9ZqpwqzbeFrFIooSWli3lMXwMuPkLDww9G8Dg='), or a nonce ('nonce-...') is required to enable inline execution.
3월 18, 2017 23:24:26.56 ", source: chrome-extension://jllpkdkcdjndhggodimiphkghogcpida/lib/jquery-1.4.2.min.js (35)

3월 19, 2017 11:40:16.34 NEW SESSION
3월 19, 2017 11:40:16.34 [9256:10156:0319/114016.331:ERROR:content_settings_pref.cc(469)] Invalid pattern strings: ,
3월 19, 2017 11:40:16.41 [9256:10156:0319/114016.335:ERROR:content_settings_pref.cc(469)] Invalid pattern strings: ,https://www.w3schools.com:443
3월 19, 2017 11:40:16.42 [9256:10156:0319/114016.335:ERROR:content_settings_pref.cc(295)] Invalid pattern strings: ,
3월 19, 2017 11:40:16.44 [9256:10156:0319/114016.335:ERROR:content_settings_pref.cc(295)] Invalid pattern strings: ,https://www.w3schools.com:443
3월 19, 2017 11:42:07.46 [584:9604:0319/114207.461:ERROR:content_settings_pref.cc(469)] Invalid pattern strings: ,
3월 19, 2017 11:42:07.47 [584:9604:0319/114207.461:ERROR:content_settings_pref.cc(469)] Invalid pattern strings: ,https://www.w3schools.com:443
3월 19, 2017 11:42:07.49 [584:9604:0319/114207.461:ERROR:content_settings_pref.cc(295)] Invalid pattern strings: ,
3월 19, 2017 11:42:07.51 [584:9604:0319/114207.461:ERROR:content_settings_pref.cc(295)] Invalid pattern strings: ,https://www.w3schools.com:443
3월 19, 2017 11:42:33.21 [10584:6196:0319/114233.219:ERROR:content_settings_pref.cc(469)] Invalid pattern strings: ,
3월 19, 2017 11:42:33.23 [10584:6196:0319/114233.219:ERROR:content_settings_pref.cc(469)] Invalid pattern strings: ,https://www.w3schools.com:443
3월 19, 2017 11:42:33.24 [10584:6196:0319/114233.219:ERROR:content_settings_pref.cc(295)] Invalid pattern strings: ,
3월 19, 2017 11:42:33.25 [10584:6196:0319/114233.219:ERROR:content_settings_pref.cc(295)] Invalid pattern strings: ,https://www.w3schools.com:443
3월 19, 2017 11:45:47.39 [10192:8208:0319/114547.393:ERROR:content_settings_pref.cc(469)] Invalid pattern strings: ,
3월 19, 2017 11:45:47.42 [10192:8208:0319/114547.394:ERROR:content_settings_pref.cc(469)] Invalid pattern strings: ,https://www.w3schools.com:443
3월 19, 2017 11:45:47.43 [10192:8208:0319/114547.394:ERROR:content_settings_pref.cc(295)] Invalid pattern strings: ,
3월 19, 2017 11:45:47.44 [10192:8208:0319/114547.394:ERROR:content_settings_pref.cc(295)] Invalid pattern strings: ,https://www.w3schools.com:443
3월 19, 2017 11:51:41.09 [4240:8336:0319/115141.092:ERROR:content_settings_pref.cc(469)] Invalid pattern strings: ,
3월 19, 2017 11:51:41.10 [4240:8336:0319/115141.092:ERROR:content_settings_pref.cc(469)] Invalid pattern strings: ,https://www.w3schools.com:443
3월 19, 2017 11:51:41.11 [4240:8336:0319/115141.092:ERROR:content_settings_pref.cc(295)] Invalid pattern strings: ,
3월 19, 2017 11:51:41.12 [4240:8336:0319/115141.092:ERROR:content_settings_pref.cc(295)] Invalid pattern strings: ,https://www.w3schools.com:443
3월 19, 2017 13:10:28.27 [4240:8336:0319/131028.272:ERROR:CONSOLE(35)] "Refused to execute inline script because it violates the following Content Security Policy directive: "script-src 'nonce-YI952NDCzU0VJziZNaDgjDcQ5ag' 'self' 'unsafe-eval' https://apis.google.com https://ssl.gstatic.com https://www.google.com https://www.gstatic.com". Either the 'unsafe-inline' keyword, a hash ('sha256-hadA/304/3Z0TCnsIczus5fUjgYmM7fh8iA7yEt7pjc='), or a nonce ('nonce-...') is required to enable inline execution.
3월 19, 2017 13:10:28.29 ", source: chrome-extension://jllpkdkcdjndhggodimiphkghogcpida/lib/jquery-1.4.2.min.js (35)
3월 19, 2017 13:11:57.00 [4240:8336:0319/131157.001:ERROR:CONSOLE(35)] "Refused to execute inline script because it violates the following Content Security Policy directive: "script-src 'nonce-YI952NDCzU0VJziZNaDgjDcQ5ag' 'self' 'unsafe-eval' https://apis.google.com https://ssl.gstatic.com https://www.google.com https://www.gstatic.com". Either the 'unsafe-inline' keyword, a hash ('sha256-BKtEmAupLvhIT9g789mGbqPjYO4pN+G2+U34ARLrH4M='), or a nonce ('nonce-...') is required to enable inline execution.
3월 19, 2017 13:11:57.02 ", source: chrome-extension://jllpkdkcdjndhggodimiphkghogcpida/lib/jquery-1.4.2.min.js (35)
3월 19, 2017 13:25:38.58 A Parser-blocking, cross-origin script, http://www.google-analytics.com/ga.js, is invoked via document.write. This may be blocked by the browser if the device has poor network connectivity. See https://www.chromestatus.com/feature/5718547946799104 for more details.
3월 19, 2017 13:25:38.63 A Parser-blocking, cross-origin script, http://www.google-analytics.com/ga.js, is invoked via document.write. This may be blocked by the browser if the device has poor network connectivity. See https://www.chromestatus.com/feature/5718547946799104 for more details.
3월 19, 2017 13:25:38.65 A Parser-blocking, cross-origin script, http://www.google-analytics.com/ga.js, is invoked via document.write. This may be blocked by the browser if the device has poor network connectivity. See https://www.chromestatus.com/feature/5718547946799104 for more details.
3월 19, 2017 13:25:38.68 A Parser-blocking, cross-origin script, http://www.google-analytics.com/ga.js, is invoked via document.write. This may be blocked by the browser if the device has poor network connectivity. See https://www.chromestatus.com/feature/5718547946799104 for more details.
3월 19, 2017 13:25:38.70 A Parser-blocking, cross-origin script, http://www.google-analytics.com/ga.js, is invoked via document.write. This may be blocked by the browser if the device has poor network connectivity. See https://www.chromestatus.com/feature/5718547946799104 for more details.
3월 19, 2017 13:25:38.71 A Parser-blocking, cross-origin script, http://www.google-analytics.com/ga.js, is invoked via document.write. This may be blocked by the browser if the device has poor network connectivity. See https://www.chromestatus.com/feature/5718547946799104 for more details.
3월 19, 2017 13:25:38.73 A Parser-blocking, cross-origin script, http://www.google-analytics.com/ga.js, is invoked via document.write. This may be blocked by the browser if the device has poor network connectivity. See https://www.chromestatus.com/feature/5718547946799104 for more details.
3월 19, 2017 13:25:38.74 A Parser-blocking, cross-origin script, http://www.google-analytics.com/ga.js, is invoked via document.write. This may be blocked by the browser if the device has poor network connectivity. See https://www.chromestatus.com/feature/5718547946799104 for more details.
3월 19, 2017 13:25:38.75 A Parser-blocking, cross-origin script, http://www.google-analytics.com/ga.js, is invoked via document.write. This may be blocked by the browser if the device has poor network connectivity. See https://www.chromestatus.com/feature/5718547946799104 for more details.
3월 19, 2017 13:25:38.77 A Parser-blocking, cross-origin script, http://www.google-analytics.com/ga.js, is invoked via document.write. This may be blocked by the browser if the device has poor network connectivity. See https://www.chromestatus.com/feature/5718547946799104 for more details.
3월 19, 2017 13:25:38.78 A Parser-blocking, cross-origin script, http://www.google-analytics.com/ga.js, is invoked via document.write. This may be blocked by the browser if the device has poor network connectivity. See https://www.chromestatus.com/feature/5718547946799104 for more details.
3월 19, 2017 13:25:38.79 A Parser-blocking, cross-origin script, http://www.google-analytics.com/ga.js, is invoked via document.write. This may be blocked by the browser if the device has poor network connectivity. See https://www.chromestatus.com/feature/5718547946799104 for more details.
3월 19, 2017 13:25:38.81 A Parser-blocking, cross-origin script, http://www.google-analytics.com/ga.js, is invoked via document.write. This may be blocked by the browser if the device has poor network connectivity. See https://www.chromestatus.com/feature/5718547946799104 for more details.
3월 19, 2017 13:25:38.81 A Parser-blocking, cross-origin script, http://www.google-analytics.com/ga.js, is invoked via document.write. This may be blocked by the browser if the device has poor network connectivity. See https://www.chromestatus.com/feature/5718547946799104 for more details.
3월 19, 2017 13:25:38.83 A Parser-blocking, cross-origin script, http://www.google-analytics.com/ga.js, is invoked via document.write. This may be blocked by the browser if the device has poor network connectivity. See https://www.chromestatus.com/feature/5718547946799104 for more details.
3월 19, 2017 13:59:46.98 A Parser-blocking, cross-origin script, http://www.google-analytics.com/ga.js, is invoked via document.write. This may be blocked by the browser if the device has poor network connectivity. See https://www.chromestatus.com/feature/5718547946799104 for more details.
3월 19, 2017 13:59:47.00 A Parser-blocking, cross-origin script, http://www.google-analytics.com/ga.js, is invoked via document.write. This may be blocked by the browser if the device has poor network connectivity. See https://www.chromestatus.com/feature/5718547946799104 for more details.
3월 19, 2017 13:59:47.02 A Parser-blocking, cross-origin script, http://www.google-analytics.com/ga.js, is invoked via document.write. This may be blocked by the browser if the device has poor network connectivity. See https://www.chromestatus.com/feature/5718547946799104 for more details.
3월 19, 2017 13:59:47.04 A Parser-blocking, cross-origin script, http://www.google-analytics.com/ga.js, is invoked via document.write. This may be blocked by the browser if the device has poor network connectivity. See https://www.chromestatus.com/feature/5718547946799104 for more details.
3월 19, 2017 13:59:47.05 A Parser-blocking, cross-origin script, http://www.google-analytics.com/ga.js, is invoked via document.write. This may be blocked by the browser if the device has poor network connectivity. See https://www.chromestatus.com/feature/5718547946799104 for more details.
3월 19, 2017 13:59:47.07 A Parser-blocking, cross-origin script, http://www.google-analytics.com/ga.js, is invoked via document.write. This may be blocked by the browser if the device has poor network connectivity. See https://www.chromestatus.com/feature/5718547946799104 for more details.
3월 19, 2017 13:59:47.09 A Parser-blocking, cross-origin script, http://www.google-analytics.com/ga.js, is invoked via document.write. This may be blocked by the browser if the device has poor network connectivity. See https://www.chromestatus.com/feature/5718547946799104 for more details.
3월 19, 2017 13:59:47.10 A Parser-blocking, cross-origin script, http://www.google-analytics.com/ga.js, is invoked via document.write. This may be blocked by the browser if the device has poor network connectivity. See https://www.chromestatus.com/feature/5718547946799104 for more details.
3월 19, 2017 13:59:47.11 A Parser-blocking, cross-origin script, http://www.google-analytics.com/ga.js, is invoked via document.write. This may be blocked by the browser if the device has poor network connectivity. See https://www.chromestatus.com/feature/5718547946799104 for more details.
3월 19, 2017 13:59:47.13 A Parser-blocking, cross-origin script, http://www.google-analytics.com/ga.js, is invoked via document.write. This may be blocked by the browser if the device has poor network connectivity. See https://www.chromestatus.com/feature/5718547946799104 for more details.
3월 19, 2017 13:59:47.14 A Parser-blocking, cross-origin script, http://www.google-analytics.com/ga.js, is invoked via document.write. This may be blocked by the browser if the device has poor network connectivity. See https://www.chromestatus.com/feature/5718547946799104 for more details.
3월 19, 2017 13:59:47.15 A Parser-blocking, cross-origin script, http://www.google-analytics.com/ga.js, is invoked via document.write. This may be blocked by the browser if the device has poor network connectivity. See https://www.chromestatus.com/feature/5718547946799104 for more details.
3월 19, 2017 13:59:47.17 A Parser-blocking, cross-origin script, http://www.google-analytics.com/ga.js, is invoked via document.write. This may be blocked by the browser if the device has poor network connectivity. See https://www.chromestatus.com/feature/5718547946799104 for more details.
3월 19, 2017 13:59:47.17 A Parser-blocking, cross-origin script, http://www.google-analytics.com/ga.js, is invoked via document.write. This may be blocked by the browser if the device has poor network connectivity. See https://www.chromestatus.com/feature/5718547946799104 for more details.
3월 19, 2017 13:59:47.19 A Parser-blocking, cross-origin script, http://www.google-analytics.com/ga.js, is invoked via document.write. This may be blocked by the browser if the device has poor network connectivity. See https://www.chromestatus.com/feature/5718547946799104 for more details.
3월 19, 2017 14:17:21.33 A Parser-blocking, cross-origin script, http://www.google-analytics.com/ga.js, is invoked via document.write. This may be blocked by the browser if the device has poor network connectivity. See https://www.chromeA Parser-blocking, cross-origin script, http://www.google-analytics.com/ga.js, is invoked via document.write. This may be blocked by the browser if the device has poor network connectivity. See https://www.chromestatus.com/feature/5718547946799104 for more details.
3월 19, 2017 14:17:21.34 A Parser-blocking, cross-origin script, http://www.google-analytics.com/ga.js, is invoked via document.write. This may be blocked by the browser if the device has poor network connectivity. See https://www.chromestatus.com/feature/5718547946799104 for more details.
3월 19, 2017 14:17:21.35 A Parser-blocking, cross-origin script, http://www.google-analytics.com/ga.js, is invoked via document.write. This may be blocked by the browser if the device has poor network connectivity. See https://www.chromestatus.com/feature/5718547946799104 for more details.
3월 19, 2017 14:17:21.37 A Parser-blocking, cross-origin script, http://www.google-analytics.com/ga.js, is invoked via document.write. This may be blocked by the browser if the device has poor network connectivity. See https://www.chromestatus.com/feature/5718547946799104 for more details.
3월 19, 2017 14:17:21.38 A Parser-blocking, cross-origin script, http://www.google-analytics.com/ga.js, is invoked via document.write. This may be blocked by the browser if the device has poor network connectivity. See https://www.chromestatus.com/feature/5718547946799104 for more details.
3월 19, 2017 14:17:21.39 A Parser-blocking, cross-origin script, http://www.google-analytics.com/ga.js, is invoked via document.write. This may be blocked by the browser if the device has poor network connectivity. See https://www.chromestatus.com/feature/5718547946799104 for more details.
3월 19, 2017 14:17:21.40 A Parser-blocking, cross-origin script, http://www.google-analytics.com/ga.js, is invoked via document.write. This may be blocked by the browser if the device has poor network connectivity. See https://www.chromestatus.com/feature/5718547946799104 for more details.
3월 19, 2017 14:17:21.41 A Parser-blocking, cross-origin script, http://www.google-analytics.com/ga.js, is invoked via document.write. This may be blocked by the browser if the device has poor network connectivity. See https://www.chromestatus.com/feature/5718547946799104 for more details.
3월 19, 2017 14:17:21.43 A Parser-blocking, cross-origin script, http://www.google-analytics.com/ga.js, is invoked via document.write. This may be blocked by the browser if the device has poor network connectivity. See https://www.chromestatus.com/feature/5718547946799104 for more details.
3월 19, 2017 14:17:21.44 A Parser-blocking, cross-origin script, http://www.google-analytics.com/ga.js, is invoked via document.write. This may be blocked by the browser if the device has poor network connectivity. See https://www.chromestatus.com/feature/5718547946799104 for more details.
3월 19, 2017 14:17:21.45 A Parser-blocking, cross-origin script, http://www.google-analytics.com/ga.js, is invoked via document.write. This may be blocked by the browser if the device has poor network connectivity. See https://www.chromestatus.com/feature/5718547946799104 for more details.
3월 19, 2017 14:17:21.46 A Parser-blocking, cross-origin script, http://www.google-analytics.com/ga.js, is invoked via document.write. This may be blocked by the browser if the device has poor network connectivity. See https://www.chromestatus.com/feature/5718547946799104 for more details.
3월 19, 2017 14:17:21.47 A Parser-blocking, cross-origin script, http://www.google-analytics.com/ga.js, is invoked via document.write. This may be blocked by the browser if the device has poor network connectivity. See https://www.chromestatus.com/feature/5718547946799104 for more details.
3월 19, 2017 14:17:21.49 A Parser-blocking, cross-origin script, http://www.google-analytics.com/ga.js, is invoked via document.write. This may be blocked by the browser if the device has poor network connectivity. See https://www.chromestatus.com/feature/5718547946799104 for more details.
3월 19, 2017 14:17:21.50 A Parser-blocking, cross-origin script, http://www.google-analytics.com/ga.js, is invoked via document.write. This may be blocked by the browser if the device has poor network connectivity. See https://www.chromestatus.com/feature/5718547946799104 for more details.
3월 19, 2017 14:21:07.17 A Parser-blocking, cross-origin script, http://www.google-analytics.com/ga.js, is invoked via document.wriA Parser-blocking, cross-origin script, http://www.google-analytics.com/ga.js, is invoked via document.write. This may be blocked by the browser if the device has poor network connectivity. See https://www.chromestatus.com/feature/5718547946799104 for more details.
3월 19, 2017 14:21:07.18 A Parser-blocking, cross-origin script, http://www.google-analytics.com/ga.js, is invoked via document.write. This may be blocked by the browser if the device has poor network connectivity. See https://www.chromestatus.com/feature/5718547946799104 for more details.
3월 19, 2017 14:21:07.20 A Parser-blocking, cross-origin script, http://www.google-analytics.com/ga.js, is invoked via document.write. This may be blocked by the browser if the device has poor network connectivity. See https://www.chromestatus.com/feature/5718547946799104 for more details.
3월 19, 2017 14:21:07.22 A Parser-blocking, cross-origin script, http://www.google-analytics.com/ga.js, is invoked via document.write. This may be blocked by the browser if the device has poor network connectivity. See https://www.chromestatus.com/feature/5718547946799104 for more details.
3월 19, 2017 14:21:07.34 te. This may be blocked by the browser if the device has poor network connectivity. See https://www.chromestatus.com/feature/5718547946799104 for more details.
3월 19, 2017 14:21:07.35 A Parser-blocking, cross-origin script, http://www.google-analytics.com/ga.js, is invoked via document.write. This may be blocked by the browser if the device has poor network connectivity. See https://www.chromestatus.com/feature/5718547946799104 for more details.
3월 19, 2017 14:21:07.37 A Parser-blocking, cross-origin script, http://www.google-analytics.com/ga.js, is invoked via document.write. This may be blocked by the browser if the device has poor network connectivity. See https://www.chromestatus.com/feature/5718547946799104 for more details.
3월 19, 2017 14:21:07.38 A Parser-blocking, cross-origin script, http://www.google-analytics.com/ga.js, is invoked via document.write. This may be blocked by the browser if the device has poor network connectivity. See https://www.chromestatus.com/feature/5718547946799104 for more details.
3월 19, 2017 14:21:07.40 A Parser-blocking, cross-origin script, http://www.google-analytics.com/ga.js, is invoked via document.write. This may be blocked by the browser if the device has poor network connectivity. See https://www.chromestatus.com/feature/5718547946799104 for more details.
3월 19, 2017 14:21:07.41 A Parser-blocking, cross-origin script, http://www.google-analytics.com/ga.js, is invoked via document.write. This may be blocked by the browser if the device has poor network connectivity. See https://www.chromestatus.com/feature/5718547946799104 for more details.
3월 19, 2017 14:21:07.43 A Parser-blocking, cross-origin script, http://www.google-analytics.com/ga.js, is invoked via document.write. This may be blocked by the browser if the device has poor network connectivity. See https://www.chromestatus.com/feature/5718547946799104 for more details.
3월 19, 2017 14:21:07.45 A Parser-blocking, cross-origin script, http://www.google-analytics.com/ga.js, is invoked via document.write. This may be blocked by the browser if the device has poor network connectivity. See https://www.chromestatus.com/feature/5718547946799104 for more details.
3월 19, 2017 14:21:07.48 A Parser-blocking, cross-origin script, http://www.google-analytics.com/ga.js, is invoked via document.write. This may be blocked by the browser if the device has poor network connectivity. See https://www.chromestatus.com/feature/5718547946799104 for more details.
3월 19, 2017 14:21:27.38 [7612:10848:0319/142127.384:ERROR:content_settings_pref.cc(469)] Invalid pattern strings: ,
3월 19, 2017 14:21:27.40 [7612:10848:0319/142127.400:ERROR:content_settings_pref.cc(469)] Invalid pattern strings: ,https://www.w3schools.com:443
3월 19, 2017 14:21:27.41 [7612:10848:0319/142127.400:ERROR:content_settings_pref.cc(295)] Invalid pattern strings: ,
3월 19, 2017 14:21:27.43 [7612:10848:0319/142127.400:ERROR:content_settings_pref.cc(295)] Invalid pattern strings: ,https://www.w3schools.com:443
3월 19, 2017 14:22:19.07 [992:6976:0319/142219.073:ERROR:content_settings_pref.cc(469)] Invalid pattern strings: ,
3월 19, 2017 14:22:19.08 [992:6976:0319/142219.073:ERROR:content_settings_pref.cc(469)] Invalid pattern strings: ,https://www.w3schools.com:443
3월 19, 2017 14:22:19.09 [992:6976:0319/142219.073:ERROR:content_settings_pref.cc(295)] Invalid pattern strings: ,
3월 19, 2017 14:22:19.09 [992:6976:0319/142219.073:ERROR:content_settings_pref.cc(295)] Invalid pattern strings: ,https://www.w3schools.com:443

3월 19, 2017 14:24:25.03 NEW SESSION
3월 19, 2017 14:24:25.03 [1976:7024:0319/142425.036:ERROR:content_settings_pref.cc(469)] Invalid pattern strings: ,
3월 19, 2017 14:24:25.05 [1976:7024:0319/142425.050:ERROR:content_settings_pref.cc(469)] Invalid pattern strings: ,https://www.w3schools.com:443
3월 19, 2017 14:24:25.06 [1976:7024:0319/142425.050:ERROR:content_settings_pref.cc(295)] Invalid pattern strings: ,
3월 19, 2017 14:24:25.09 [1976:7024:0319/142425.050:ERROR:content_settings_pref.cc(295)] Invalid pattern strings: ,https://www.w3schools.com:443
3월 19, 2017 14:26:28.49 [8796:4572:0319/142628.498:ERROR:content_settings_pref.cc(469)] Invalid pattern strings: ,
3월 19, 2017 14:26:28.51 [8796:4572:0319/142628.498:ERROR:content_settings_pref.cc(469)] Invalid pattern strings: ,https://www.w3schools.com:443
3월 19, 2017 14:26:28.52 [8796:4572:0319/142628.519:ERROR:content_settings_pref.cc(295)] Invalid pattern strings: ,
3월 19, 2017 14:26:28.55 [8796:4572:0319/142628.519:ERROR:content_settings_pref.cc(295)] Invalid pattern strings: ,https://www.w3schools.com:443
3월 19, 2017 14:30:35.91 [3828:32:0319/143035.915:ERROR:content_settings_pref.cc(469)] Invalid pattern strings: ,
3월 19, 2017 14:30:35.92 [3828:32:0319/143035.926:ERROR:content_settings_pref.cc(469)] Invalid pattern strings: ,https://www.w3schools.com:443
3월 19, 2017 14:30:35.94 [3828:32:0319/143035.926:ERROR:content_settings_pref.cc(295)] Invalid pattern strings: ,
3월 19, 2017 14:30:35.95 [3828:32:0319/143035.926:ERROR:content_settings_pref.cc(295)] Invalid pattern strings: ,https://www.w3schools.com:443
3월 19, 2017 14:44:37.46 A Parser-blocking, cross-origin script, http://www.google-analytics.com/ga.js, is invoked via document.write. This may be blocked by the browser if the device has poor network connectivity. See https://www.chromestatus.com/feature/5718547946799104 for more details.
3월 19, 2017 14:44:37.48 A Parser-blocking, cross-origin script, http://www.google-analytics.com/ga.js, is invoked via document.write. This may be blocked by the browser if the device has poor network connectivity. See https://www.chromestatus.com/feature/5718547946799104 for more details.
3월 19, 2017 14:44:37.50 A Parser-blocking, cross-origin script, http://www.google-analytics.com/ga.js, is invoked via document.write. This may be blocked by the browser if the device has poor network connectivity. See https://www.chromestatus.com/feature/5718547946799104 for more details.
3월 19, 2017 14:44:37.51 A Parser-blocking, cross-origin script, http://www.google-analytics.com/ga.js, is invoked via document.write. This may be blocked by the browser if the device has poor network connectivity. See https://www.chromestatus.com/feature/5718547946799104 for more details.
3월 19, 2017 14:44:37.52 A Parser-blocking, cross-origin script, http://www.google-analytics.com/ga.js, is invoked via document.write. This may be blocked by the browser if the device has poor network connectivity. See https://www.chromestatus.com/feature/5718547946799104 for more details.
3월 19, 2017 14:44:37.53 A Parser-blocking, cross-origin script, http://www.google-analytics.com/ga.js, is invoked via document.write. This may be blocked by the browser if the device has poor network connectivity. See https://www.chromestatus.com/feature/5718547946799104 for more details.
3월 19, 2017 14:44:37.54 A Parser-blocking, cross-origin script, http://www.google-analytics.com/ga.js, is invoked via document.write. This may be blocked by the browser if the device has poor network connectivity. See https://www.chromestatus.com/feature/5718547946799104 for more details.
3월 19, 2017 14:44:37.56 A Parser-blocking, cross-origin script, http://www.google-analytics.com/ga.js, is invoked via document.write. This may be blocked by the browser if the device has poor network connectivity. See https://www.chromestatus.com/feature/5718547946799104 for more details.
3월 19, 2017 14:44:37.57 A Parser-blocking, cross-origin script, http://www.google-analytics.com/ga.js, is invoked via document.write. This may be blocked by the browser if the device has poor network connectivity. See https://www.chromestatus.com/feature/5718547946799104 for more details.
3월 19, 2017 14:44:37.59 A Parser-blocking, cross-origin script, http://www.google-analytics.com/ga.js, is invoked via document.write. This may be blocked by the browser if the device has poor network connectivity. See https://www.chromestatus.com/feature/5718547946799104 for more details.
3월 19, 2017 14:44:37.60 A Parser-blocking, cross-origin script, http://www.google-analytics.com/ga.js, is invoked via document.write. This may be blocked by the browser if the device has poor network connectivity. See https://www.chromestatus.com/feature/5718547946799104 for more details.
3월 19, 2017 14:44:37.61 A Parser-blocking, cross-origin script, http://www.google-analytics.com/ga.js, is invoked via document.write. This may be blocked by the browser if the device has poor network connectivity. See https://www.chromestatus.com/feature/5718547946799104 for more details.
3월 19, 2017 14:44:37.63 A Parser-blocking, cross-origin script, http://www.google-analytics.com/ga.js, is invoked via document.write. This may be blocked by the browser if the device has poor network connectivity. See https://www.chromestatus.com/feature/5718547946799104 for more details.
3월 19, 2017 14:44:37.64 A Parser-blocking, cross-origin script, http://www.google-analytics.com/ga.js, is invoked via document.write. This may be blocked by the browser if the device has poor network connectivity. See https://www.chromestatus.com/feature/5718547946799104 for more details.
3월 19, 2017 14:44:37.66 A Parser-blocking, cross-origin script, http://www.google-analytics.com/ga.js, is invoked via document.write. This may be blocked by the browser if the device has poor network connectivity. See https://www.chromestatus.com/feature/5718547946799104 for more details.
3월 19, 2017 14:47:02.90 A Parser-blocking, cross-origin script, http://www.google-analytics.com/ga.js, is invoked via document.wri

3월 19, 2017 17:42:02.54 NEW SESSION
3월 19, 2017 17:42:02.54 [4220:8088:0319/174202.540:ERROR:content_settings_pref.cc(469)] Invalid pattern strings: ,
3월 19, 2017 17:42:02.69 [4220:8088:0319/174202.540:ERROR:content_settings_pref.cc(469)] Invalid pattern strings: ,https://www.w3schools.com:443
3월 19, 2017 17:42:02.71 [4220:8088:0319/174202.540:ERROR:content_settings_pref.cc(295)] Invalid pattern strings: ,
3월 19, 2017 17:42:02.73 [4220:8088:0319/174202.540:ERROR:content_settings_pref.cc(295)] Invalid pattern strings: ,https://www.w3schools.com:443
3월 19, 2017 17:58:09.03 A Parser-blocking, cross-origin script, http://www.google-analytics.com/ga.js, is invoked via document.write. This may be blocked by the browser if the device has poor network connectivity. See https://www.chromestatus.com/feature/5718547946799104 for more details.
3월 19, 2017 17:58:09.05 A Parser-blocking, cross-origin script, http://www.google-analytics.com/ga.js, is invoked via document.write. This may be blocked by the browser if the device has poor network connectivity. See https://www.chromestatus.com/feature/5718547946799104 for more details.
3월 19, 2017 17:58:09.07 A Parser-blocking, cross-origin script, http://www.google-analytics.com/ga.js, is invoked via document.write. This may be blocked by the browser if the device has poor network connectivity. See https://www.chromestatus.com/feature/5718547946799104 for more details.
3월 19, 2017 17:58:09.08 A Parser-blocking, cross-origin script, http://www.google-analytics.com/ga.js, is invoked via document.write. This may be blocked by the browser if the device has poor network connectivity. See https://www.chromestatus.com/feature/5718547946799104 for more details.
3월 19, 2017 17:58:09.10 A Parser-blocking, cross-origin script, http://www.google-analytics.com/ga.js, is invoked via document.write. This may be blocked by the browser if the device has poor network connectivity. See https://www.chromestatus.com/feature/5718547946799104 for more details.
3월 19, 2017 17:58:09.11 A Parser-blocking, cross-origin script, http://www.google-analytics.com/ga.js, is invoked via document.write. This may be blocked by the browser if the device has poor network connectivity. See https://www.chromestatus.com/feature/5718547946799104 for more details.
3월 19, 2017 17:58:09.13 A Parser-blocking, cross-origin script, http://www.google-analytics.com/ga.js, is invoked via document.write. This may be blocked by the browser if the device has poor network connectivity. See https://www.chromestatus.com/feature/5718547946799104 for more details.
3월 19, 2017 17:58:09.14 A Parser-blocking, cross-origin script, http://www.google-analytics.com/ga.js, is invoked via document.write. This may be blocked by the browser if the device has poor network connectivity. See https://www.chromestatus.com/feature/5718547946799104 for more details.
3월 19, 2017 17:58:09.15 A Parser-blocking, cross-origin script, http://www.google-analytics.com/ga.js, is invoked via document.write. This may be blocked by the browser if the device has poor network connectivity. See https://www.chromestatus.com/feature/5718547946799104 for more details.
3월 19, 2017 17:58:09.16 A Parser-blocking, cross-origin script, http://www.google-analytics.com/ga.js, is invoked via document.write. This may be blocked by the browser if the device has poor network connectivity. See https://www.chromestatus.com/feature/5718547946799104 for more details.
3월 19, 2017 17:58:09.18 A Parser-blocking, cross-origin script, http://www.google-analytics.com/ga.js, is invoked via document.write. This may be blocked by the browser if the device has poor network connectivity. See https://www.chromestatus.com/feature/5718547946799104 for more details.
3월 19, 2017 17:58:09.19 A Parser-blocking, cross-origin script, http://www.google-analytics.com/ga.js, is invoked via document.write. This may be blocked by the browser if the device has poor network connectivity. See https://www.chromestatus.com/feature/5718547946799104 for more details.
3월 19, 2017 17:58:09.21 A Parser-blocking, cross-origin script, http://www.google-analytics.com/ga.js, is invoked via document.write. This may be blocked by the browser if the device has poor network connectivity. See https://www.chromestatus.com/feature/5718547946799104 for more details.
3월 19, 2017 17:58:09.22 A Parser-blocking, cross-origin script, http://www.google-analytics.com/ga.js, is invoked via document.write. This may be blocked by the browser if the device has poor network connectivity. See https://www.chromestatus.com/feature/5718547946799104 for more details.
3월 19, 2017 17:58:09.23 A Parser-blocking, cross-origin script, http://www.google-analytics.com/ga.js, is invoked via document.write. This may be blocked by the browser if the device has poor network connectivity. See https://www.chromestatus.com/feature/5718547946799104 for more details.
3월 19, 2017 18:01:32.07 A Parser-blocking, cross-origin script, http://www.google-analytics.com/ga.js, is invoked via document.wri
3월 19, 2017 18:01:47.18 [7712:4696:0319/180147.182:ERROR:content_settings_pref.cc(469)] Invalid pattern strings: ,
3월 19, 2017 18:01:47.19 [7712:4696:0319/180147.182:ERROR:content_settings_pref.cc(469)] Invalid pattern strings: ,https://www.w3schools.com:443
3월 19, 2017 18:01:47.22 [7712:4696:0319/180147.182:ERROR:content_settings_pref.cc(295)] Invalid pattern strings: ,
3월 19, 2017 18:01:47.23 [7712:4696:0319/180147.182:ERROR:content_settings_pref.cc(295)] Invalid pattern strings: ,https://www.w3schools.com:443
3월 19, 2017 18:23:22.33 [1428:7024:0319/182322.333:ERROR:content_settings_pref.cc(469)] Invalid pattern strings: ,
3월 19, 2017 18:23:22.36 [1428:7024:0319/182322.333:ERROR:content_settings_pref.cc(469)] Invalid pattern strings: ,https://www.w3schools.com:443
3월 19, 2017 18:23:22.41 [1428:7024:0319/182322.333:ERROR:content_settings_pref.cc(295)] Invalid pattern strings: ,
3월 19, 2017 18:23:22.42 [1428:7024:0319/182322.333:ERROR:content_settings_pref.cc(295)] Invalid pattern strings: ,https://www.w3schools.com:443
3월 19, 2017 18:31:30.26 A Parser-blocking, cross-origin script, http://www.google-analytics.com/ga.js, is invoked via document.write. This may be blocked by the browser if the device has poor network connectivity. See https://www.chromestatus.com/feature/5718547946799104 for more details.
3월 19, 2017 18:31:30.28 A Parser-blocking, cross-origin script, http://www.google-analytics.com/ga.js, is invoked via document.write. This may be blocked by the browser if the device has poor network connectivity. See https://www.chromestatus.com/feature/5718547946799104 for more details.
3월 19, 2017 18:31:30.30 A Parser-blocking, cross-origin script, http://www.google-analytics.com/ga.js, is invoked via document.write. This may be blocked by the browser if the device has poor network connectivity. See https://www.chromestatus.com/feature/5718547946799104 for more details.
3월 19, 2017 18:31:30.31 A Parser-blocking, cross-origin script, http://www.google-analytics.com/ga.js, is invoked via document.write. This may be blocked by the browser if the device has poor network connectivity. See https://www.chromestatus.com/feature/5718547946799104 for more details.
3월 19, 2017 18:31:30.33 A Parser-blocking, cross-origin script, http://www.google-analytics.com/ga.js, is invoked via document.write. This may be blocked by the browser if the device has poor network connectivity. See https://www.chromestatus.com/feature/5718547946799104 for more details.
3월 19, 2017 18:31:30.34 A Parser-blocking, cross-origin script, http://www.google-analytics.com/ga.js, is invoked via document.write. This may be blocked by the browser if the device has poor network connectivity. See https://www.chromestatus.com/feature/5718547946799104 for more details.
3월 19, 2017 18:31:30.34 A Parser-blocking, cross-origin script, http://www.google-analytics.com/ga.js, is invoked via document.write. This may be blocked by the browser if the device has poor network connectivity. See https://www.chromestatus.com/feature/5718547946799104 for more details.
3월 19, 2017 18:31:30.36 A Parser-blocking, cross-origin script, http://www.google-analytics.com/ga.js, is invoked via document.write. This may be blocked by the browser if the device has poor network connectivity. See https://www.chromestatus.com/feature/5718547946799104 for more details.
3월 19, 2017 18:31:30.36 A Parser-blocking, cross-origin script, http://www.google-analytics.com/ga.js, is invoked via document.write. This may be blocked by the browser if the device has poor network connectivity. See https://www.chromestatus.com/feature/5718547946799104 for more details.
3월 19, 2017 18:31:30.38 A Parser-blocking, cross-origin script, http://www.google-analytics.com/ga.js, is invoked via document.write. This may be blocked by the browser if the device has poor network connectivity. See https://www.chromestatus.com/feature/5718547946799104 for more details.
3월 19, 2017 18:31:30.38 A Parser-blocking, cross-origin script, http://www.google-analytics.com/ga.js, is invoked via document.write. This may be blocked by the browser if the device has poor network connectivity. See https://www.chromestatus.com/feature/5718547946799104 for more details.
3월 19, 2017 18:31:30.39 A Parser-blocking, cross-origin script, http://www.google-analytics.com/ga.js, is invoked via document.write. This may be blocked by the browser if the device has poor network connectivity. See https://www.chromestatus.com/feature/5718547946799104 for more details.
3월 19, 2017 18:31:30.41 A Parser-blocking, cross-origin script, http://www.google-analytics.com/ga.js, is invoked via document.write. This may be blocked by the browser if the device has poor network connectivity. See https://www.chromestatus.com/feature/5718547946799104 for more details.
3월 19, 2017 18:31:30.42 A Parser-blocking, cross-origin script, http://www.google-analytics.com/ga.js, is invoked via document.write. This may be blocked by the browser if the device has poor network connectivity. See https://www.chromestatus.com/feature/5718547946799104 for more details.
3월 19, 2017 18:31:30.44 A Parser-blocking, cross-origin script, http://www.google-analytics.com/ga.js, is invoked via document.write. This may be blocked by the browser if the device has poor network connectivity. See https://www.chromestatus.com/feature/5718547946799104 for more details.
3월 19, 2017 18:54:13.21 A Parser-blocking, cross-origin script, http://www.google-analytics.com/ga.js, is invoked via document.wri
3월 19, 2017 18:54:26.11 [9320:10844:0319/185426.115:ERROR:content_settings_pref.cc(469)] Invalid pattern strings: ,
3월 19, 2017 18:54:26.11 [9320:10844:0319/185426.115:ERROR:content_settings_pref.cc(469)] Invalid pattern strings: ,https://www.w3schools.com:443
3월 19, 2017 18:54:26.13 [9320:10844:0319/185426.115:ERROR:content_settings_pref.cc(295)] Invalid pattern strings: ,
3월 19, 2017 18:54:26.14 [9320:10844:0319/185426.115:ERROR:content_settings_pref.cc(295)] Invalid pattern strings: ,https://www.w3schools.com:443
3월 19, 2017 18:56:03.52 A Parser-blocking, cross-origin script, http://www.google-analytics.com/ga.js, is invoked via document.write. This may be blocked by the browser if the device has poor network connectivity. See https://www.chromestatus.com/feature/5718547946799104 for more details.
3월 19, 2017 18:56:03.53 A Parser-blocking, cross-origin script, http://www.google-analytics.com/ga.js, is invoked via document.write. This may be blocked by the browser if the device has poor network connectivity. See https://www.chromestatus.com/feature/5718547946799104 for more details.
3월 19, 2017 18:56:03.54 A Parser-blocking, cross-origin script, http://www.google-analytics.com/ga.js, is invoked via document.write. This may be blocked by the browser if the device has poor network connectivity. See https://www.chromestatus.com/feature/5718547946799104 for more details.
3월 19, 2017 18:56:03.55 A Parser-blocking, cross-origin script, http://www.google-analytics.com/ga.js, is invoked via document.write. This may be blocked by the browser if the device has poor network connectivity. See https://www.chromestatus.com/feature/5718547946799104 for more details.
3월 19, 2017 18:56:03.56 A Parser-blocking, cross-origin script, http://www.google-analytics.com/ga.js, is invoked via document.write. This may be blocked by the browser if the device has poor network connectivity. See https://www.chromestatus.com/feature/5718547946799104 for more details.
3월 19, 2017 18:56:03.56 A Parser-blocking, cross-origin script, http://www.google-analytics.com/ga.js, is invoked via document.write. This may be blocked by the browser if the device has poor network connectivity. See https://www.chromestatus.com/feature/5718547946799104 for more details.
3월 19, 2017 18:56:03.57 A Parser-blocking, cross-origin script, http://www.google-analytics.com/ga.js, is invoked via document.write. This may be blocked by the browser if the device has poor network connectivity. See https://www.chromestatus.com/feature/5718547946799104 for more details.
3월 19, 2017 18:56:03.58 A Parser-blocking, cross-origin script, http://www.google-analytics.com/ga.js, is invoked via document.write. This may be blocked by the browser if the device has poor network connectivity. See https://www.chromestatus.com/feature/5718547946799104 for more details.
3월 19, 2017 18:56:03.59 A Parser-blocking, cross-origin script, http://www.google-analytics.com/ga.js, is invoked via document.write. This may be blocked by the browser if the device has poor network connectivity. See https://www.chromestatus.com/feature/5718547946799104 for more details.
3월 19, 2017 18:56:03.59 A Parser-blocking, cross-origin script, http://www.google-analytics.com/ga.js, is invoked via document.write. This may be blocked by the browser if the device has poor network connectivity. See https://www.chromestatus.com/feature/5718547946799104 for more details.
3월 19, 2017 18:56:03.60 A Parser-blocking, cross-origin script, http://www.google-analytics.com/ga.js, is invoked via document.write. This may be blocked by the browser if the device has poor network connectivity. See https://www.chromestatus.com/feature/5718547946799104 for more details.
3월 19, 2017 18:56:03.61 A Parser-blocking, cross-origin script, http://www.google-analytics.com/ga.js, is invoked via document.write. This may be blocked by the browser if the device has poor network connectivity. See https://www.chromestatus.com/feature/5718547946799104 for more details.
3월 19, 2017 18:56:03.62 A Parser-blocking, cross-origin script, http://www.google-analytics.com/ga.js, is invoked via document.write. This may be blocked by the browser if the device has poor network connectivity. See https://www.chromestatus.com/feature/5718547946799104 for more details.
3월 19, 2017 18:56:03.63 A Parser-blocking, cross-origin script, http://www.google-analytics.com/ga.js, is invoked via document.write. This may be blocked by the browser if the device has poor network connectivity. See https://www.chromestatus.com/feature/5718547946799104 for more details.
3월 19, 2017 18:56:03.64 A Parser-blocking, cross-origin script, http://www.google-analytics.com/ga.js, is invoked via document.write. This may be blocked by the browser if the device has poor network connectivity. See https://www.chromestatus.com/feature/5718547946799104 for more details.
3월 19, 2017 18:56:40.39 A Parser-blocking, cross-origin script, http://www.google-analytics.com/ga.js, is invoked via document.wri
3월 19, 2017 18:56:51.49 [11236:10596:0319/185651.497:ERROR:content_settings_pref.cc(469)] Invalid pattern strings: ,
3월 19, 2017 18:56:51.54 [11236:10596:0319/185651.498:ERROR:content_settings_pref.cc(469)] Invalid pattern strings: ,https://www.w3schools.com:443
3월 19, 2017 18:56:51.55 [11236:10596:0319/185651.498:ERROR:content_settings_pref.cc(295)] Invalid pattern strings: ,
3월 19, 2017 18:56:51.64 [11236:10596:0319/185651.498:ERROR:content_settings_pref.cc(295)] Invalid pattern strings: ,https://www.w3schools.com:443
3월 19, 2017 19:29:52.94 A Parser-blocking, cross-origin script, http://www.google-analytics.com/ga.js, is invoked via document.write. This may be blocked by the browser if the device has poor network connectivity. See https://www.chromestatus.com/feature/5718547946799104 for more details.
3월 19, 2017 19:29:52.96 A Parser-blocking, cross-origin script, http://www.google-analytics.com/ga.js, is invoked via document.write. This may be blocked by the browser if the device has poor network connectivity. See https://www.chromestatus.com/feature/5718547946799104 for more details.
3월 19, 2017 19:29:52.98 A Parser-blocking, cross-origin script, http://www.google-analytics.com/ga.js, is invoked via document.write. This may be blocked by the browser if the device has poor network connectivity. See https://www.chromestatus.com/feature/5718547946799104 for more details.
3월 19, 2017 19:29:52.99 A Parser-blocking, cross-origin script, http://www.google-analytics.com/ga.js, is invoked via document.write. This may be blocked by the browser if the device has poor network connectivity. See https://www.chromestatus.com/feature/5718547946799104 for more details.
3월 19, 2017 19:29:53.00 A Parser-blocking, cross-origin script, http://www.google-analytics.com/ga.js, is invoked via document.write. This may be blocked by the browser if the device has poor network connectivity. See https://www.chromestatus.com/feature/5718547946799104 for more details.
3월 19, 2017 19:29:53.01 A Parser-blocking, cross-origin script, http://www.google-analytics.com/ga.js, is invoked via document.write. This may be blocked by the browser if the device has poor network connectivity. See https://www.chromestatus.com/feature/5718547946799104 for more details.
3월 19, 2017 19:29:53.02 A Parser-blocking, cross-origin script, http://www.google-analytics.com/ga.js, is invoked via document.write. This may be blocked by the browser if the device has poor network connectivity. See https://www.chromestatus.com/feature/5718547946799104 for more details.
3월 19, 2017 19:29:53.03 A Parser-blocking, cross-origin script, http://www.google-analytics.com/ga.js, is invoked via document.write. This may be blocked by the browser if the device has poor network connectivity. See https://www.chromestatus.com/feature/5718547946799104 for more details.
3월 19, 2017 19:29:53.04 A Parser-blocking, cross-origin script, http://www.google-analytics.com/ga.js, is invoked via document.write. This may be blocked by the browser if the device has poor network connectivity. See https://www.chromestatus.com/feature/5718547946799104 for more details.
3월 19, 2017 19:29:53.04 A Parser-blocking, cross-origin script, http://www.google-analytics.com/ga.js, is invoked via document.write. This may be blocked by the browser if the device has poor network connectivity. See https://www.chromestatus.com/feature/5718547946799104 for more details.
3월 19, 2017 19:29:53.06 A Parser-blocking, cross-origin script, http://www.google-analytics.com/ga.js, is invoked via document.write. This may be blocked by the browser if the device has poor network connectivity. See https://www.chromestatus.com/feature/5718547946799104 for more details.
3월 19, 2017 19:29:53.07 A Parser-blocking, cross-origin script, http://www.google-analytics.com/ga.js, is invoked via document.write. This may be blocked by the browser if the device has poor network connectivity. See https://www.chromestatus.com/feature/5718547946799104 for more details.
3월 19, 2017 19:29:53.08 A Parser-blocking, cross-origin script, http://www.google-analytics.com/ga.js, is invoked via document.write. This may be blocked by the browser if the device has poor network connectivity. See https://www.chromestatus.com/feature/5718547946799104 for more details.
3월 19, 2017 19:29:53.10 A Parser-blocking, cross-origin script, http://www.google-analytics.com/ga.js, is invoked via document.write. This may be blocked by the browser if the device has poor network connectivity. See https://www.chromestatus.com/feature/5718547946799104 for more details.
3월 19, 2017 19:29:53.12 A Parser-blocking, cross-origin script, http://www.google-analytics.com/ga.js, is invoked via document.write. This may be blocked by the browser if the device has poor network connectivity. See https://www.chromestatus.com/feature/5718547946799104 for more details.
3월 19, 2017 19:35:34.56 A Parser-blocking, cross-origin script, http://www.google-analytics.com/ga.js, is invoked via document.wriA Parser-blocking, cross-origin script, http://www.google-analytics.com/ga.js, is invoked via document.write. This may be blocked by the browser if the device has poor network connectivity. See https://www.chromestatus.com/feature/5718547946799104 for more details.
3월 19, 2017 19:35:34.58 A Parser-blocking, cross-origin script, http://www.google-analytics.com/ga.js, is invoked via document.write. This may be blocked by the browser if the device has poor network connectivity. See https://www.chromestatus.com/feature/5718547946799104 for more details.
3월 19, 2017 19:35:34.65 te. This may be blocked by the browser if the device has poor network connectivity. See https://www.chromestatus.com/feature/5718547946799104 for more details.
3월 19, 2017 19:35:34.65 A Parser-blocking, cross-origin script, http://www.google-analytics.com/ga.js, is invoked via document.write. This may be blocked by the browser if the device has poor network connectivity. See https://www.chromestatus.com/feature/5718547946799104 for more details.
3월 19, 2017 19:35:34.65 A Parser-blocking, cross-origin script, http://www.google-analytics.com/ga.js, is invoked via document.write. This may be blocked by the browser if the device has poor network connectivity. See https://www.chromestatus.com/feature/5718547946799104 for more details.
3월 19, 2017 19:35:34.68 A Parser-blocking, cross-origin script, http://www.google-analytics.com/ga.js, is invoked via document.write. This may be blocked by the browser if the device has poor network connectivity. See https://www.chromestatus.com/feature/5718547946799104 for more details.
3월 19, 2017 19:35:34.69 A Parser-blocking, cross-origin script, http://www.google-analytics.com/ga.js, is invoked via document.write. This may be blocked by the browser if the device has poor network connectivity. See https://www.chromestatus.com/feature/5718547946799104 for more details.
3월 19, 2017 19:35:34.69 A Parser-blocking, cross-origin script, http://www.google-analytics.com/ga.js, is invoked via document.write. This may be blocked by the browser if the device has poor network connectivity. See https://www.chromestatus.com/feature/5718547946799104 for more details.
3월 19, 2017 19:35:34.71 A Parser-blocking, cross-origin script, http://www.google-analytics.com/ga.js, is invoked via document.write. This may be blocked by the browser if the device has poor network connectivity. See https://www.chromestatus.com/feature/5718547946799104 for more details.
3월 19, 2017 19:35:45.07 [5512:7504:0319/193545.077:ERROR:content_settings_pref.cc(469)] Invalid pattern strings: ,
3월 19, 2017 19:35:45.09 [5512:7504:0319/193545.077:ERROR:content_settings_pref.cc(469)] Invalid pattern strings: ,https://www.w3schools.com:443
3월 19, 2017 19:35:45.10 [5512:7504:0319/193545.077:ERROR:content_settings_pref.cc(295)] Invalid pattern strings: ,
3월 19, 2017 19:35:45.13 [5512:7504:0319/193545.077:ERROR:content_settings_pref.cc(295)] Invalid pattern strings: ,https://www.w3schools.com:443
3월 19, 2017 20:25:40.48 [5512:7504:0319/202540.487:ERROR:CONSOLE(35)] "Refused to execute inline script because it violates the following Content Security Policy directive: "script-src 'nonce-JlI+fNf47vSDcsmPOfDi5MMlKSQ' 'self' 'unsafe-eval' https://apis.google.com https://ssl.gstatic.com https://www.google.com https://www.gstatic.com". Either the 'unsafe-inline' keyword, a hash ('sha256-leDwkwwMMepbId4sQ7ZkFU11O3eh5e7olZ1b+bs34PI='), or a nonce ('nonce-...') is required to enable inline execution.
3월 19, 2017 20:25:40.51 ", source: chrome-extension://jllpkdkcdjndhggodimiphkghogcpida/lib/jquery-1.4.2.min.js (35)
3월 19, 2017 20:29:44.36 [832:1656:0319/202944.367:ERROR:gles2_cmd_decoder.cc(16945)] [.DisplayCompositor-000001ED47E05030]GL ERROR :GL_INVALID_OPERATION : glCreateAndConsumeTextureCHROMIUM: invalid mailbox name
3월 19, 2017 20:29:44.38 [832:1656:0319/202944.367:ERROR:gles2_cmd_decoder.cc(9408)] [.DisplayCompositor-000001ED47E05030]RENDER WARNING: texture bound to texture unit 0 is not renderable. It maybe non-power-of-2 and have incompatible texture filtering.

3월 19, 2017 20:54:11.67 NEW SESSION
3월 19, 2017 20:54:11.67 [6224:10432:0319/205411.673:ERROR:content_settings_pref.cc(469)] Invalid pattern strings: ,
3월 19, 2017 20:54:11.68 [6224:10432:0319/205411.682:ERROR:content_settings_pref.cc(469)] Invalid pattern strings: ,https://www.w3schools.com:443
3월 19, 2017 20:54:11.71 [6224:10432:0319/205411.682:ERROR:content_settings_pref.cc(295)] Invalid pattern strings: ,
3월 19, 2017 20:54:11.72 [6224:10432:0319/205411.682:ERROR:content_settings_pref.cc(295)] Invalid pattern strings: ,https://www.w3schools.com:443
3월 19, 2017 21:00:47.69 [6224:10432:0319/210047.694:ERROR:CONSOLE(35)] "Refused to execute inline script because it violates the following Content Security Policy directive: "script-src 'nonce-JlI+fNf47vSDcsmPOfDi5MMlKSQ' 'self' 'unsafe-eval' https://apis.google.com https://ssl.gstatic.com https://www.google.com https://www.gstatic.com". Either the 'unsafe-inline' keyword, a hash ('sha256-37WCSe26TpndfieXqTkwt8NrA1UtoI0CIOALRP9tlCQ='), or a nonce ('nonce-...') is required to enable inline execution.
3월 19, 2017 21:00:47.70 ", source: chrome-extension://jllpkdkcdjndhggodimiphkghogcpida/lib/jquery-1.4.2.min.js (35)
3월 19, 2017 21:03:11.10 A Parser-blocking, cross-origin script, https://www.google.com/uds/?file=elements&v=1&packages=transliteration, is invoked via document.write. This may be blocked by the browser if the device has poor network connectivity. See https://www.chromestatus.com/feature/5718547946799104 for more details.
3월 19, 2017 21:03:11.11 A Parser-blocking, cross-origin script, https://www.google.com/uds/?file=elements&v=1&packages=transliteration, is invoked via document.write. This may be blocked by the browser if the device has poor network connectivity. See https://www.chromestatus.com/feature/5718547946799104 for more details.
3월 19, 2017 21:03:11.12 A Parser-blocking, cross-origin script, https://www.google.com/uds/api/elements/1.0/7ded0ef8ee68924d96a6f6b19df266a8/transliteration.I.js, is invoked via document.write. This may be blocked by the browser if the device has poor network connectivity. See https://www.chromestatus.com/feature/5718547946799104 for more details.
3월 19, 2017 21:03:11.13 A Parser-blocking, cross-origin script, https://www.google.com/uds/api/elements/1.0/7ded0ef8ee68924d96a6f6b19df266a8/transliteration.I.js, is invoked via document.write. This may be blocked by the browser if the device has poor network connectivity. See https://www.chromestatus.com/feature/5718547946799104 for more details.
3월 19, 2017 21:03:11.14 A Parser-blocking, cross-origin script, http://t1.daumcdn.net/tistory_admin/lib/jquery-1.12.4.min.js, is invoked via document.write. This may be blocked by the browser if the device has poor network connectivity. See https://www.chromestatus.com/feature/5718547946799104 for more details.
3월 19, 2017 21:03:11.15 A Parser-blocking, cross-origin script, http://t1.daumcdn.net/tistory_admin/lib/jquery-1.12.4.min.js, is invoked via document.write. This may be blocked by the browser if the device has poor network connectivity. See https://www.chromestatus.com/feature/5718547946799104 for more details.
3월 19, 2017 21:03:11.16 A Parser-blocking, cross-origin script, https://www.google.com/uds/?file=elements&v=1&packages=transliteration, is invoked via document.write. This may be blocked by the browser if the device has poor network connectivity. See https://www.chromestatus.com/feature/5718547946799104 for more details.
3월 19, 2017 21:03:11.17 A Parser-blocking, cross-origin script, https://www.google.com/uds/?file=elements&v=1&packages=transliteration, is invoked via document.write. This may be blocked by the browser if the device has poor network connectivity. See https://www.chromestatus.com/feature/5718547946799104 for more details.
3월 19, 2017 21:03:11.18 A Parser-blocking, cross-origin script, https://www.google.com/uds/api/elements/1.0/7ded0ef8ee68924d96a6f6b19df266a8/transliteration.I.js, is invoked via document.write. This may be blocked by the browser if the device has poor network connectivity. See https://www.chromestatus.com/feature/5718547946799104 for more details.
3월 19, 2017 21:03:11.20 A Parser-blocking, cross-origin script, https://www.google.com/uds/api/elements/1.0/7ded0ef8ee68924d96a6f6b19df266a8/transliteration.I.js, is invoked via document.write. This may be blocked by the browser if the device has poor network connectivity. See https://www.chromestatus.com/feature/5718547946799104 for more details.
3월 19, 2017 21:03:11.21 A Parser-blocking, cross-origin script, http://t1.daumcdn.net/tistory_admin/lib/jquery-1.12.4.min.js, is invoked via document.write. This may be blocked by the browser if the device has poor network connectivity. See https://www.chromestatus.com/feature/5718547946799104 for more details.
3월 19, 2017 21:03:11.22 A Parser-blocking, cross-origin script, http://t1.daumcdn.net/tistory_admin/lib/jquery-1.12.4.min.js, is invoked via document.write. This may be blocked by the browser if the device has poor network connectivity. See https://www.chromestatus.com/feature/5718547946799104 for more details.
3월 19, 2017 21:03:11.23 A Parser-blocking, cross-origin script, http://t1.daumcdn.net/tistory_admin/lib/jquery-1.12.4.min.js, is invoked via document.write. This may be blocked by the browser if the device has poor network connectivity. See https://www.chromestatus.com/feature/5718547946799104 for more details.
3월 19, 2017 21:08:39.63 A Parser-blocking, cross-origin script, http://t1.daumcdn.net/tistory_admin/lib/jquery-1.12.4.min.js, is invoked via document.write. This may be blocke
3월 19, 2017 21:08:49.63 [5700:8988:0319/210849.635:ERROR:content_settings_pref.cc(469)] Invalid pattern strings: ,
3월 19, 2017 21:08:49.64 [5700:8988:0319/210849.635:ERROR:content_settings_pref.cc(469)] Invalid pattern strings: ,https://www.w3schools.com:443
3월 19, 2017 21:08:49.65 [5700:8988:0319/210849.635:ERROR:content_settings_pref.cc(295)] Invalid pattern strings: ,
3월 19, 2017 21:08:49.68 [5700:8988:0319/210849.635:ERROR:content_settings_pref.cc(295)] Invalid pattern strings: ,https://www.w3schools.com:443
3월 19, 2017 21:09:04.06 [5700:8988:0319/210904.066:ERROR:CONSOLE(35)] "Refused to execute inline script because it violates the following Content Security Policy directive: "script-src 'nonce-JlI+fNf47vSDcsmPOfDi5MMlKSQ' 'self' 'unsafe-eval' https://apis.google.com https://ssl.gstatic.com https://www.google.com https://www.gstatic.com". Either the 'unsafe-inline' keyword, a hash ('sha256-h8NqwobYiNJMVYBlfTfrwGZcsIeBzr9r74IHU2ZClH8='), or a nonce ('nonce-...') is required to enable inline execution.
3월 19, 2017 21:09:04.07 ", source: chrome-extension://jllpkdkcdjndhggodimiphkghogcpida/lib/jquery-1.4.2.min.js (35)

3월 20, 2017 14:42:49.43 NEW SESSION
3월 20, 2017 14:42:49.43 [1548:10532:0320/144249.435:ERROR:content_settings_pref.cc(469)] Invalid pattern strings: ,
3월 20, 2017 14:42:49.64 [1548:10532:0320/144249.435:ERROR:content_settings_pref.cc(469)] Invalid pattern strings: ,https://www.w3schools.com:443
3월 20, 2017 14:42:49.65 [1548:10532:0320/144249.435:ERROR:content_settings_pref.cc(295)] Invalid pattern strings: ,
3월 20, 2017 14:42:49.66 [1548:10532:0320/144249.435:ERROR:content_settings_pref.cc(295)] Invalid pattern strings: ,https://www.w3schools.com:443
3월 20, 2017 15:01:24.04 [WARNING:..\..\..\..\flash\platform\pepper\pep_module.cpp(63)] SANDBOXED
3월 20, 2017 15:05:31.16 [WARNING:..\..\..\..\flash\platform\pepper\pep_module.cpp(63)] SANDBOXED
3월 20, 2017 15:10:56.35 [4868:3860:0320/151056.350:ERROR:gles2_cmd_decoder.cc(16945)] [.DisplayCompositor-000001ECA410E180]GL ERROR :GL_INVALID_OPERATION : glCreateAndConsumeTextureCHROMIUM: invalid mailbox name
3월 20, 2017 15:10:56.36 [4868:3860:0320/151056.350:ERROR:gles2_cmd_decoder.cc(9408)] [.DisplayCompositor-000001ECA410E180]RENDER WARNING: texture bound to texture unit 0 is not renderable. It maybe non-power-of-2 and have incompatible texture filtering.
3월 20, 2017 15:18:00.46 [WARNING:..\..\..\..\flash\platform\pepper\pep_module.cpp(63)] SANDBOXED
3월 20, 2017 15:18:35.50 [WARNING:..\..\..\..\flash\platform\pepper\pep_module.cpp(63)] SANDBOXED
3월 20, 2017 15:20:03.19 [WARNING:..\..\..\..\flash\platform\pepper\pep_module.cpp(63)] SANDBOXED
3월 20, 2017 15:21:26.76 [WARNING:..\..\..\..\flash\platform\pepper\pep_module.cpp(63)] SANDBOXED
3월 20, 2017 15:22:30.80 [WARNING:..\..\..\..\flash\platform\pepper\pep_module.cpp(63)] SANDBOXED
3월 20, 2017 15:26:19.78 [WARNING:..\..\..\..\flash\platform\pepper\pep_module.cpp(63)] SANDBOXED
3월 20, 2017 15:35:32.46 A Parser-blocking, cross-origin script, http://t1.daumcdn.net/tistory_admin/lib/jquery-1.12.4.min.js, is invoked via document.write. This may be blocked by the browser if the device has poor network connectivity. See https://www.chromestatus.com/feature/5718547946799104 for more details.
3월 20, 2017 15:35:32.48 A Parser-blocking, cross-origin script, http://t1.daumcdn.net/tistory_admin/lib/jquery-1.12.4.min.js, is invoked via document.write. This may be blocked by the browser if the device has poor network connectivity. See https://www.chromestatus.com/feature/5718547946799104 for more details.
3월 20, 2017 15:35:32.50 A Parser-blocking, cross-origin script, http://www.google-analytics.com/ga.js, is invoked via document.write. This may be blocked by the browser if the device has poor network connectivity. See https://www.chromestatus.com/feature/5718547946799104 for more details.
3월 20, 2017 15:35:32.51 A Parser-blocking, cross-origin script, http://www.google-analytics.com/ga.js, is invoked via document.write. This may be blocked by the browser if the device has poor network connectivity. See https://www.chromestatus.com/feature/5718547946799104 for more details.
3월 20, 2017 15:35:32.52 A Parser-blocking, cross-origin script, http://t1.daumcdn.net/tistory_admin/lib/jquery-1.12.4.min.js, is invoked via document.write. This may be blocked by the browser if the device has poor network connectivity. See https://www.chromestatus.com/feature/5718547946799104 for more details.
3월 20, 2017 15:35:32.53 A Parser-blocking, cross-origin script, http://t1.daumcdn.net/tistory_admin/lib/jquery-1.12.4.min.js, is invoked via document.write. This may be blocked by the browser if the device has poor network connectivity. See https://www.chromestatus.com/feature/5718547946799104 for more details.
3월 20, 2017 15:35:32.55 A Parser-blocking, cross-origin script, https://links.services.disqus.com/api/click?format=jsonp&key=cfdfcf52dffd0a702a61bad27507376d&loc=http%3A%2F%2Fsergeswin.com%2F565&subId=2649995&v=1&libid=j0hq3g0f0100tpsi000DArgr6uzdx9o35&out=http%3A%2F%2Fwww.collageitfree.com%2Fdownload.html&ref=https%3A%2F%2Fwww.google.co.kr%2F&title=%EC%82%AC%EC%A7%84%20%EC%BD%9C%EB%9D%BC%EC%A3%BC%2C%20%EA%B0%84%ED%8E%B8%ED%95%98%EA%B2%8C%20%EB%A7%8C%EB%93%A4%EC%96%B4%20%EC%A3%BC%EB%8A%94%20%ED%94%84%EB%A1%9C%EA%B7%B8%EB%9E%A8!%20-%20CollageIt%20%5B%EC%9C%88%EB%8F%84%2B%EB%A7%A5%5D%20%3A%3A%20%EC%84%9C%EC%A7%80%EC%8A%A4%EC%9C%88%20%40IT.%20%EB%B8%94%EB%A1%9C%EA%B7%B8%20%EB%A7%A4%EA%B1%B0%EC%A7%84.&txt=http%3A%2F%2Fwww.collageitfree.com%2Fdownload.html&jsonp=callback, is invoked via document.write. This may be blocked by the browser if the device has poor network connectivity. See https://www.chromestatus.com/feature/5718547946799104 for more details.
3월 20, 2017 15:35:32.56 A Parser-blocking, cross-origin script, https://links.services.disqus.com/api/click?format=jsonp&key=cfdfcf52dffd0a702a61bad27507376d&loc=http%3A%2F%2Fsergeswin.com%2F565&subId=2649995&v=1&libid=j0hq3g0f0100tpsi000DArgr6uzdx9o35&out=http%3A%2F%2Fwww.collageitfree.com%2Fdownload.html&ref=https%3A%2F%2Fwww.google.co.kr%2F&title=%EC%82%AC%EC%A7%84%20%EC%BD%9C%EB%9D%BC%EC%A3%BC%2C%20%EA%B0%84%ED%8E%B8%ED%95%98%EA%B2%8C%20%EB%A7%8C%EB%93%A4%EC%96%B4%20%EC%A3%BC%EB%8A%94%20%ED%94%84%EB%A1%9C%EA%B7%B8%EB%9E%A8!%20-%20CollageIt%20%5B%EC%9C%88%EB%8F%84%2B%EB%A7%A5%5D%20%3A%3A%20%EC%84%9C%EC%A7%80%EC%8A%A4%EC%9C%88%20%40IT.%20%EB%B8%94%EB%A1%9C%EA%B7%B8%20%EB%A7%A4%EA%B1%B0%EC%A7%84.&txt=http%3A%2F%2Fwww.collageitfree.com%2Fdownload.html&jsonp=callback, is invoked via document.write. This may be blocked by the browser if the device has poor network connectivity. See https://www.chromestatus.com/feature/5718547946799104 for more details.
3월 20, 2017 15:35:32.57 A Parser-blocking, cross-origin script, http://t1.daumcdn.net/tistory_admin/lib/jquery-1.12.4.min.js, is invoked via document.write. This may be blocked by the browser if the device has poor network connectivity. See https://www.chromestatus.com/feature/5718547946799104 for more details.
3월 20, 2017 16:13:00.10 A Parser-blocking, cross-origin script, http://t1.daumcdn.net/tistory_admin/lib/jquery-1.12.4.min.js, is invoked via document.write. This may be blocked by the browser if the device has poor network connectivity. See https://www.chromest[1548:10532:0320/161300.103:ERROR:CONSOLE(35)] "Refused to execute inline script because it violates the following Content Security Policy directive: "script-src 'nonce-bw6NdUh9bVi2hf/9oeJ5HWZheFc' 'self' 'unsafe-eval' https://apis.google.com https://ssl.gstatic.com https://www.google.com https://www.gstatic.com". Either the 'unsafe-inline' keyword, a hash ('sha256-WTovVlbj2rcZShZN18bwXVP/sUCybHWgec8ndbJdkjQ='), or a nonce ('nonce-...') is required to enable inline execution.
3월 20, 2017 16:13:00.12 ", source: chrome-extension://jllpkdkcdjndhggodimiphkghogcpida/lib/jquery-1.4.2.min.js (35)
3월 20, 2017 16:19:21.29 [4868:3860:0320/161921.291:ERROR:gles2_cmd_decoder.cc(16945)] [.DisplayCompositor-000001ECA410E180]GL ERROR :GL_INVALID_OPERATION : glCreateAndConsumeTextureCHROMIUM: invalid mailbox name
3월 20, 2017 16:19:21.31 [4868:3860:0320/161921.291:ERROR:gles2_cmd_decoder.cc(9408)] [.DisplayCompositor-000001ECA410E180]RENDER WARNING: texture bound to texture unit 0 is not renderable. It maybe non-power-of-2 and have incompatible texture filtering.
3월 20, 2017 16:31:06.33 [1548:10532:0320/163106.333:ERROR:CONSOLE(35)] "Refused to execute inline script because it violates the following Content Security Policy directive: "script-src 'nonce-bw6NdUh9bVi2hf/9oeJ5HWZheFc' 'self' 'unsafe-eval' https://apis.google.com https://ssl.gstatic.com https://www.google.com https://www.gstatic.com". Either the 'unsafe-inline' keyword, a hash ('sha256-J976BgOTmDRtU31kpUiqAKWgOkGuuYqaiMQhpMvObP4='), or a nonce ('nonce-...') is required to enable inline execution.
3월 20, 2017 16:31:06.34 ", source: chrome-extension://jllpkdkcdjndhggodimiphkghogcpida/lib/jquery-1.4.2.min.js (35)
3월 20, 2017 16:48:02.73 [WARNING:..\..\..\..\flash\platform\pepper\pep_module.cpp(63)] SANDBOXED
3월 20, 2017 16:58:37.20 [1548:10532:0320/165837.205:ERROR:CONSOLE(35)] "Refused to execute inline script because it violates the following Content Security Policy directive: "script-src 'nonce-bw6NdUh9bVi2hf/9oeJ5HWZheFc' 'self' 'unsafe-eval' https://apis.google.com https://ssl.gstatic.com https://www.google.com https://www.gstatic.com". Either the 'unsafe-inline' keyword, a hash ('sha256-E0PpMg7Pi8Z1hWwEgkQCff7y+WsGHM8ApOF/5Rkg02E='), or a nonce ('nonce-...') is required to enable inline execution.
3월 20, 2017 16:58:37.22 ", source: chrome-extension://jllpkdkcdjndhggodimiphkghogcpida/lib/jquery-1.4.2.min.js (35)
